<?xml version="1.0" encoding="UTF-8"?>
<!-- Generated by org.testng.reporters.JUnitReportReporter -->
<testsuite skipped="0" hostname="LMIPL-072" name="com.phptravelsadmin.testcases.VerifyCreationOfAdmin" tests="1" failures="0" timestamp="06 Feb 2018 06:46:38 GMT" time="44.540" errors="0">
  <testcase name="verifyCreation" time="44.540" classname="com.phptravelsadmin.testcases.VerifyCreationOfAdmin"/>
</testsuite> <!-- com.phptravelsadmin.testcases.VerifyCreationOfAdmin -->
