<?xml version="1.0" encoding="UTF-8"?>
<!-- Generated by org.testng.reporters.JUnitReportReporter -->
<testsuite skipped="0" hostname="LMIPL-048" name="com.phptravels.testcases.NewTest" tests="2" failures="0" timestamp="06 Feb 2018 06:18:47 GMT" time="0.015" errors="0">
  <testcase name="f" time="0.013" classname="com.phptravels.testcases.NewTest"/>
  <testcase name="g" time="0.002" classname="com.phptravels.testcases.NewTest"/>
</testsuite> <!-- com.phptravels.testcases.NewTest -->
