<?xml version="1.0" encoding="UTF-8"?>
<!-- Generated by org.testng.reporters.JUnitReportReporter -->
<testsuite skipped="0" hostname="LMIPL-048" name="com.phptravels.testcases.VerifyLogoutButton" tests="1" failures="0" timestamp="06 Feb 2018 06:04:02 GMT" time="34.936" errors="0">
  <testcase name="test" time="34.936" classname="com.phptravels.testcases.VerifyLogoutButton"/>
</testsuite> <!-- com.phptravels.testcases.VerifyLogoutButton -->
