<?xml version="1.0" encoding="UTF-8"?>
<!-- Generated by org.testng.reporters.JUnitReportReporter -->
<testsuite skipped="0" hostname="LMIPL-048" name="com.phptravels.testcases.VerifyDownloadInvoice" tests="1" failures="0" timestamp="05 Feb 2018 14:10:36 GMT" time="16.837" errors="0">
  <testcase name="test" time="16.837" classname="com.phptravels.testcases.VerifyDownloadInvoice"/>
</testsuite> <!-- com.phptravels.testcases.VerifyDownloadInvoice -->
