<?xml version="1.0" encoding="UTF-8"?>
<!-- Generated by org.testng.reporters.JUnitReportReporter -->
<testsuite skipped="0" hostname="LMIPL-048" name="com.phptravels.testcases.VerifyDownloadInvoioce" tests="1" failures="0" timestamp="06 Feb 2018 11:20:46 GMT" time="26.587" errors="0">
  <testcase name="downloadInvoice" time="26.587" classname="com.phptravels.testcases.VerifyDownloadInvoioce"/>
</testsuite> <!-- com.phptravels.testcases.VerifyDownloadInvoioce -->
